<?xml version="1.0" encoding="UTF-8"?>
<!-- Generated by org.testng.reporters.JUnitReportReporter -->
<testsuite hostname="Mahesh-PC" failures="0" tests="1" name="dec2022.dec2022_simpleGit" time="0.019" errors="0" timestamp="2022-11-23T21:40:47 IST" skipped="0">
  <testcase classname="dec2022.dec2022_simpleGit" name="f" time="0.019"/>
  <system-out/>
</testsuite> <!-- dec2022.dec2022_simpleGit -->
